2021-05-31T03:07:35+00:00 INFO Array
(
    [Webhook Delivery] => Array
        (
            [Delivery ID] => cbed4cf38c8307a35309943086164b57
            [Date] => May 31, 2021 @ 3:07
            [URL] => https://maker.ifttt.com/trigger/order_created/with/key/-p4H3LIsFaA2ZB6dA8i0I
            [Duration] => 0.44041
            [Request] => Array
                (
                    [Method] => POST
                    [Headers] => Array
                        (
                            [User-Agent] => WooCommerce/5.1.0 Hookshot (WordPress/5.7.2)
                            [Content-Type] => application/json
                            [X-WC-Webhook-Source] => https://35.164.136.156/
                            [X-WC-Webhook-Topic] => order.created
                            [X-WC-Webhook-Resource] => order
                            [X-WC-Webhook-Event] => created
                            [X-WC-Webhook-Signature] => FRZE/WobYNkXKf9aG1RjF+dno4SeXePPDnMQsb/uYqY=
                            [X-WC-Webhook-ID] => 1
                            [X-WC-Webhook-Delivery-ID] => cbed4cf38c8307a35309943086164b57
                        )

                )

            [Body] => Webhook body is not logged unless WP_DEBUG mode is turned on. This is to avoid the storing of personal data in the logs.
            [Response] => Array
                (
                    [Code] => 200
                    [Message] => OK
                    [Headers] => Requests_Utility_CaseInsensitiveDictionary Object
                        (
                            [data:protected] => Array
                                (
                                    [date] => Mon, 31 May 2021 03:07:35 GMT
                                    [content-type] => text/html; charset=utf-8
                                    [content-length] => 53
                                    [x-powered-by] => Sad Unicorns
                                    [x-robots-tag] => none
                                    [x-top-secrettt] => VG9vIGVhc3k/IElmIHlvdSBjYW4gcmVhZCB0aGlzLCBFbWFpbCB1cyBhdCBqb2JzK3NlY3JldEBpZnR0dC5jb20uIFdlIHdhbnQgTWFrZXJzLg==
                                    [etag] => W/"35-2SREBCNk6tk8aKy89wRn3uIx9rU"
                                )

                        )

                    [Body] => Webhook body is not logged unless WP_DEBUG mode is turned on. This is to avoid the storing of personal data in the logs.
                )

        )

)

