2021-05-17T21:51:45+00:00 INFO Array
(
    [Webhook Delivery] => Array
        (
            [Delivery ID] => d86c812f063a847a8f47ebe466b2e10b
            [Date] => May 17, 2021 @ 21:51
            [URL] => https://maker.ifttt.com/trigger/order_created/with/key/-p4H3LIsFaA2ZB6dA8i0I
            [Duration] => 0.43475
            [Request] => Array
                (
                    [Method] => POST
                    [Headers] => Array
                        (
                            [User-Agent] => WooCommerce/5.1.0 Hookshot (WordPress/5.7.2)
                            [Content-Type] => application/json
                            [X-WC-Webhook-Source] => https://coastyl.com/
                            [X-WC-Webhook-Topic] => order.created
                            [X-WC-Webhook-Resource] => order
                            [X-WC-Webhook-Event] => created
                            [X-WC-Webhook-Signature] => 8Gvk5lT04E1DL8t3ixG/eZ18OzFx9JqeGYGHLvShVcs=
                            [X-WC-Webhook-ID] => 1
                            [X-WC-Webhook-Delivery-ID] => d86c812f063a847a8f47ebe466b2e10b
                        )

                )

            [Body] => Webhook body is not logged unless WP_DEBUG mode is turned on. This is to avoid the storing of personal data in the logs.
            [Response] => Array
                (
                    [Code] => 200
                    [Message] => OK
                    [Headers] => Requests_Utility_CaseInsensitiveDictionary Object
                        (
                            [data:protected] => Array
                                (
                                    [date] => Mon, 17 May 2021 21:51:45 GMT
                                    [content-type] => text/html; charset=utf-8
                                    [content-length] => 53
                                    [x-powered-by] => Sad Unicorns
                                    [x-robots-tag] => none
                                    [x-top-secrettt] => VG9vIGVhc3k/IElmIHlvdSBjYW4gcmVhZCB0aGlzLCBFbWFpbCB1cyBhdCBqb2JzK3NlY3JldEBpZnR0dC5jb20uIFdlIHdhbnQgTWFrZXJzLg==
                                    [etag] => W/"35-2SREBCNk6tk8aKy89wRn3uIx9rU"
                                )

                        )

                    [Body] => Webhook body is not logged unless WP_DEBUG mode is turned on. This is to avoid the storing of personal data in the logs.
                )

        )

)

2021-05-17T23:22:47+00:00 INFO Array
(
    [Webhook Delivery] => Array
        (
            [Delivery ID] => 8dcdae8a93a648cd03e04722f7109367
            [Date] => May 17, 2021 @ 23:22
            [URL] => https://maker.ifttt.com/trigger/order_created/with/key/-p4H3LIsFaA2ZB6dA8i0I
            [Duration] => 0.4279
            [Request] => Array
                (
                    [Method] => POST
                    [Headers] => Array
                        (
                            [User-Agent] => WooCommerce/5.1.0 Hookshot (WordPress/5.7.2)
                            [Content-Type] => application/json
                            [X-WC-Webhook-Source] => https://coastyl.com/
                            [X-WC-Webhook-Topic] => order.created
                            [X-WC-Webhook-Resource] => order
                            [X-WC-Webhook-Event] => created
                            [X-WC-Webhook-Signature] => 7pnh5SVWBPlJHm0AtKajXdSvlJkxfaY2a7MFMaOtRcg=
                            [X-WC-Webhook-ID] => 1
                            [X-WC-Webhook-Delivery-ID] => 8dcdae8a93a648cd03e04722f7109367
                        )

                )

            [Body] => Webhook body is not logged unless WP_DEBUG mode is turned on. This is to avoid the storing of personal data in the logs.
            [Response] => Array
                (
                    [Code] => 200
                    [Message] => OK
                    [Headers] => Requests_Utility_CaseInsensitiveDictionary Object
                        (
                            [data:protected] => Array
                                (
                                    [date] => Mon, 17 May 2021 23:22:47 GMT
                                    [content-type] => text/html; charset=utf-8
                                    [content-length] => 53
                                    [x-powered-by] => Sad Unicorns
                                    [x-robots-tag] => none
                                    [x-top-secrettt] => VG9vIGVhc3k/IElmIHlvdSBjYW4gcmVhZCB0aGlzLCBFbWFpbCB1cyBhdCBqb2JzK3NlY3JldEBpZnR0dC5jb20uIFdlIHdhbnQgTWFrZXJzLg==
                                    [etag] => W/"35-2SREBCNk6tk8aKy89wRn3uIx9rU"
                                )

                        )

                    [Body] => Webhook body is not logged unless WP_DEBUG mode is turned on. This is to avoid the storing of personal data in the logs.
                )

        )

)

